Copyright 1986-2018 Xilinx, Inc. All Rights Reserved.
------------------------------------------------------------------------------------
| Tool Version : Vivado v.2018.2 (win64) Build 2258646 Thu Jun 14 20:03:12 MDT 2018
| Date         : Sun Oct  6 02:18:21 2019
| Host         : DESKTOP-6OPJTB7 running 64-bit major release  (build 9200)
| Command      : upgrade_ip
| Device       : xc7z020clg484-1
------------------------------------------------------------------------------------

Upgrade Log for IP 'vanilla_TD4_vanilla_0_2'

1. Summary
----------

SUCCESS in the conversion of vanilla_TD4_vanilla_0_2 (xilinx.com:user:TD4_vanilla:1.0 (Rev. 3)) to Vivado generation flows.






Copyright 1986-2018 Xilinx, Inc. All Rights Reserved.
------------------------------------------------------------------------------------
| Tool Version : Vivado v.2018.2 (win64) Build 2258646 Thu Jun 14 20:03:12 MDT 2018
| Date         : Fri Aug  9 15:28:44 2019
| Host         : DESKTOP-6OPJTB7 running 64-bit major release  (build 9200)
| Command      : upgrade_ip
| Device       : xc7z020clg484-1
------------------------------------------------------------------------------------

Upgrade Log for IP 'vanilla_TD4_vanilla_0_2'

1. Summary
----------

SUCCESS in the upgrade of vanilla_TD4_vanilla_0_2 (xilinx.com:user:TD4_vanilla:1.0) from (Rev. 2) to (Rev. 3)

