#-----------------------------------------------------------
# Vivado v2018.2 (64-bit)
# SW Build 2258646 on Thu Jun 14 20:03:12 MDT 2018
# IP Build 2256618 on Thu Jun 14 22:10:49 MDT 2018
# Start of session at: Sat Nov 30 17:32:07 2019
# Process ID: 36164
# Current directory: C:/Users/nekha/OneDrive/GitHub/TD4/Vivado/TD4E
# Command line: vivado.exe -gui_launcher_event rodinguilauncherevent33560 C:\Users\nekha\OneDrive\GitHub\TD4\Vivado\TD4E\TD4E.xpr
# Log file: C:/Users/nekha/OneDrive/GitHub/TD4/Vivado/TD4E/vivado.log
# Journal file: C:/Users/nekha/OneDrive/GitHub/TD4/Vivado/TD4E\vivado.jou
#-----------------------------------------------------------
start_gui
open_project C:/Users/nekha/OneDrive/GitHub/TD4/Vivado/TD4E/TD4E.xpr
Scanning sources...
Finished scanning sources
INFO: [IP_Flow 19-234] Refreshing IP repositories
INFO: [IP_Flow 19-1700] Loaded user IP repository 'c:/Users/nekha/OneDrive/GitHub/TD4/Vivado/TD4E/TD4E.srcs/sources_1/new'.
INFO: [IP_Flow 19-1700] Loaded user IP repository 'c:/Users/nekha/OneDrive/GitHub/TD4/Vivado/ip_repo'.
INFO: [IP_Flow 19-2313] Loaded Vivado IP repository 'C:/Xilinx/Vivado/2018.2/data/ip'.
open_project: Time (s): cpu = 00:00:29 ; elapsed = 00:00:22 . Memory (MB): peak = 872.121 ; gain = 139.820
update_compile_order -fileset sources_1
exit
INFO: [Common 17-206] Exiting Vivado at Sat Nov 30 17:38:17 2019...
