#-----------------------------------------------------------
# Vivado v2018.2 (64-bit)
# SW Build 2258646 on Thu Jun 14 20:03:12 MDT 2018
# IP Build 2256618 on Thu Jun 14 22:10:49 MDT 2018
# Start of session at: Fri Nov 29 02:14:46 2019
# Process ID: 20388
# Current directory: C:/Users/nekha/OneDrive/GitHub/TD4/Vivado/TD4E
# Command line: vivado.exe -gui_launcher_event rodinguilauncherevent15412 C:\Users\nekha\OneDrive\GitHub\TD4\Vivado\TD4E\TD4E.xpr
# Log file: C:/Users/nekha/OneDrive/GitHub/TD4/Vivado/TD4E/vivado.log
# Journal file: C:/Users/nekha/OneDrive/GitHub/TD4/Vivado/TD4E\vivado.jou
#-----------------------------------------------------------
start_gui
open_project C:/Users/nekha/OneDrive/GitHub/TD4/Vivado/TD4E/TD4E.xpr
Scanning sources...
Finished scanning sources
INFO: [IP_Flow 19-234] Refreshing IP repositories
INFO: [IP_Flow 19-1700] Loaded user IP repository 'c:/Users/nekha/OneDrive/GitHub/TD4/Vivado/TD4E/TD4E.srcs/sources_1/new'.
INFO: [IP_Flow 19-1700] Loaded user IP repository 'c:/Users/nekha/OneDrive/GitHub/TD4/Vivado/ip_repo'.
INFO: [IP_Flow 19-2313] Loaded Vivado IP repository 'C:/Xilinx/Vivado/2018.2/data/ip'.
open_project: Time (s): cpu = 00:00:16 ; elapsed = 00:00:16 . Memory (MB): peak = 859.414 ; gain = 131.672
update_compile_order -fileset sources_1
open_bd_design {C:/Users/nekha/OneDrive/GitHub/TD4/Vivado/TD4E/TD4E.srcs/sources_1/bd/design_1/design_1.bd}
Adding cell -- xilinx.com:user:core:1.0 - core_0
Successfully read diagram <design_1> from BD file <C:/Users/nekha/OneDrive/GitHub/TD4/Vivado/TD4E/TD4E.srcs/sources_1/bd/design_1/design_1.bd>
open_bd_design: Time (s): cpu = 00:00:09 ; elapsed = 00:00:10 . Memory (MB): peak = 961.047 ; gain = 73.133
exit
INFO: [Common 17-206] Exiting Vivado at Fri Nov 29 03:11:59 2019...
