Copyright 1986-2018 Xilinx, Inc. All Rights Reserved.
----------------------------------------------------------------------------------------
| Tool Version : Vivado v.2018.2 (win64) Build 2258646 Thu Jun 14 20:03:12 MDT 2018
| Date         : Fri Jun  7 17:07:56 2019
| Host         : DESKTOP-6OPJTB7 running 64-bit major release  (build 9200)
| Command      : report_control_sets -verbose -file TD4_vanilla_control_sets_placed.rpt
| Design       : TD4_vanilla
| Device       : xc7z020
----------------------------------------------------------------------------------------

Control Set Information

Table of Contents
-----------------
1. Summary
2. Histogram
3. Flip-Flop Distribution
4. Detailed Control Set Information

1. Summary
----------

+----------------------------------------------------------+-------+
|                          Status                          | Count |
+----------------------------------------------------------+-------+
| Number of unique control sets                            |     4 |
| Unused register locations in slices containing registers |     6 |
+----------------------------------------------------------+-------+


2. Histogram
------------

+--------+--------------+
| Fanout | Control Sets |
+--------+--------------+
|      8 |            3 |
|     10 |            1 |
+--------+--------------+


3. Flip-Flop Distribution
-------------------------

+--------------+-----------------------+------------------------+-----------------+--------------+
| Clock Enable | Synchronous Set/Reset | Asynchronous Set/Reset | Total Registers | Total Slices |
+--------------+-----------------------+------------------------+-----------------+--------------+
| No           | No                    | No                     |               0 |            0 |
| No           | No                    | Yes                    |              10 |            2 |
| No           | Yes                   | No                     |               0 |            0 |
| Yes          | No                    | No                     |               0 |            0 |
| Yes          | No                    | Yes                    |              24 |            4 |
| Yes          | Yes                   | No                     |               0 |            0 |
+--------------+-----------------------+------------------------+-----------------+--------------+


4. Detailed Control Set Information
-----------------------------------

+----------------+---------------------------+---------------------+------------------+----------------+
|  Clock Signal  |       Enable Signal       |   Set/Reset Signal  | Slice Load Count | Bel Load Count |
+----------------+---------------------------+---------------------+------------------+----------------+
|  clk_IBUF_BUFG | reg_B/out[3]_i_1__2_n_0   | reg_PC/out_reg[3]_0 |                2 |              8 |
|  clk_IBUF_BUFG | reg_A/out[3]_i_1__1_n_0   | reg_PC/out_reg[3]_0 |                1 |              8 |
|  clk_IBUF_BUFG | reg_Out/out[3]_i_1__0_n_0 | reg_PC/out_reg[3]_0 |                1 |              8 |
|  clk_IBUF_BUFG |                           | reg_PC/out_reg[3]_0 |                2 |             10 |
+----------------+---------------------------+---------------------+------------------+----------------+


